[2026-02-14T03:07:59.924+0000] {manager.py:470} INFO - Processing files using up to 2 processes at a time 
[2026-02-14T03:07:59.925+0000] {manager.py:471} INFO - Process each file at most once every 30 seconds
[2026-02-14T03:07:59.926+0000] {manager.py:472} INFO - Checking for new files in /opt/airflow/dags every 300 seconds
[2026-02-14T03:07:59.927+0000] {manager.py:737} INFO - Searching for files in /opt/airflow/dags
[2026-02-14T03:07:59.930+0000] {manager.py:740} INFO - There are 0 files in /opt/airflow/dags
[2026-02-14T03:13:00.183+0000] {manager.py:737} INFO - Searching for files in /opt/airflow/dags
[2026-02-14T03:13:00.186+0000] {manager.py:740} INFO - There are 0 files in /opt/airflow/dags
[2026-02-14T03:18:00.394+0000] {manager.py:737} INFO - Searching for files in /opt/airflow/dags
[2026-02-14T03:18:00.398+0000] {manager.py:740} INFO - There are 0 files in /opt/airflow/dags
[2026-02-14T03:23:00.585+0000] {manager.py:737} INFO - Searching for files in /opt/airflow/dags
[2026-02-14T03:23:00.590+0000] {manager.py:740} INFO - There are 0 files in /opt/airflow/dags
[2026-02-14T03:28:00.786+0000] {manager.py:737} INFO - Searching for files in /opt/airflow/dags
[2026-02-14T03:28:00.790+0000] {manager.py:740} INFO - There are 0 files in /opt/airflow/dags
[2026-02-14T03:33:00.983+0000] {manager.py:737} INFO - Searching for files in /opt/airflow/dags
[2026-02-14T03:33:00.986+0000] {manager.py:740} INFO - There are 0 files in /opt/airflow/dags
[2026-02-14T03:38:01.207+0000] {manager.py:737} INFO - Searching for files in /opt/airflow/dags
[2026-02-14T03:38:01.211+0000] {manager.py:740} INFO - There are 0 files in /opt/airflow/dags
[2026-02-14T03:41:00.679+0000] {manager.py:452} INFO - Exiting gracefully upon receiving signal 15
[2026-02-14T04:13:20.034+0000] {manager.py:470} INFO - Processing files using up to 2 processes at a time 
[2026-02-14T04:13:20.036+0000] {manager.py:471} INFO - Process each file at most once every 30 seconds
[2026-02-14T04:13:20.037+0000] {manager.py:472} INFO - Checking for new files in /opt/airflow/dags every 300 seconds
[2026-02-14T04:13:20.038+0000] {manager.py:737} INFO - Searching for files in /opt/airflow/dags
[2026-02-14T04:13:20.050+0000] {manager.py:740} INFO - There are 0 files in /opt/airflow/dags
[2026-02-14T04:18:20.306+0000] {manager.py:737} INFO - Searching for files in /opt/airflow/dags
[2026-02-14T04:18:20.315+0000] {manager.py:740} INFO - There are 0 files in /opt/airflow/dags
[2026-02-14T04:23:20.549+0000] {manager.py:737} INFO - Searching for files in /opt/airflow/dags
[2026-02-14T04:23:20.561+0000] {manager.py:740} INFO - There are 0 files in /opt/airflow/dags
[2026-02-14T04:28:20.793+0000] {manager.py:737} INFO - Searching for files in /opt/airflow/dags
[2026-02-14T04:28:20.802+0000] {manager.py:740} INFO - There are 0 files in /opt/airflow/dags
[2026-02-14T04:33:21.037+0000] {manager.py:737} INFO - Searching for files in /opt/airflow/dags
[2026-02-14T04:33:21.048+0000] {manager.py:740} INFO - There are 0 files in /opt/airflow/dags
[2026-02-14T04:38:21.273+0000] {manager.py:737} INFO - Searching for files in /opt/airflow/dags
[2026-02-14T04:38:21.288+0000] {manager.py:740} INFO - There are 0 files in /opt/airflow/dags
[2026-02-14T04:43:21.557+0000] {manager.py:737} INFO - Searching for files in /opt/airflow/dags
[2026-02-14T04:43:21.572+0000] {manager.py:740} INFO - There are 0 files in /opt/airflow/dags
[2026-02-14T04:48:21.837+0000] {manager.py:737} INFO - Searching for files in /opt/airflow/dags
[2026-02-14T04:48:21.850+0000] {manager.py:740} INFO - There are 0 files in /opt/airflow/dags
[2026-02-14T04:53:22.051+0000] {manager.py:737} INFO - Searching for files in /opt/airflow/dags
[2026-02-14T04:53:22.064+0000] {manager.py:740} INFO - There are 0 files in /opt/airflow/dags
[2026-02-14T04:58:22.274+0000] {manager.py:737} INFO - Searching for files in /opt/airflow/dags
[2026-02-14T04:58:22.285+0000] {manager.py:740} INFO - There are 0 files in /opt/airflow/dags
[2026-02-15T03:24:15.130+0000] {manager.py:737} INFO - Searching for files in /opt/airflow/dags
[2026-02-15T03:24:15.425+0000] {manager.py:740} INFO - There are 0 files in /opt/airflow/dags
[2026-02-15T03:29:15.830+0000] {manager.py:737} INFO - Searching for files in /opt/airflow/dags
[2026-02-15T03:29:15.842+0000] {manager.py:740} INFO - There are 0 files in /opt/airflow/dags
[2026-02-15T03:34:16.051+0000] {manager.py:737} INFO - Searching for files in /opt/airflow/dags
[2026-02-15T03:34:16.062+0000] {manager.py:740} INFO - There are 0 files in /opt/airflow/dags
[2026-02-15T03:39:16.308+0000] {manager.py:737} INFO - Searching for files in /opt/airflow/dags
[2026-02-15T03:39:16.344+0000] {manager.py:740} INFO - There are 0 files in /opt/airflow/dags
[2026-02-15T03:44:16.551+0000] {manager.py:737} INFO - Searching for files in /opt/airflow/dags
[2026-02-15T03:44:16.564+0000] {manager.py:740} INFO - There are 0 files in /opt/airflow/dags
[2026-02-15T03:49:16.776+0000] {manager.py:737} INFO - Searching for files in /opt/airflow/dags
[2026-02-15T03:49:16.788+0000] {manager.py:740} INFO - There are 0 files in /opt/airflow/dags
[2026-02-15T03:54:17.028+0000] {manager.py:737} INFO - Searching for files in /opt/airflow/dags
[2026-02-15T03:54:17.040+0000] {manager.py:740} INFO - There are 0 files in /opt/airflow/dags
[2026-02-15T03:59:17.229+0000] {manager.py:737} INFO - Searching for files in /opt/airflow/dags
[2026-02-15T03:59:17.238+0000] {manager.py:740} INFO - There are 0 files in /opt/airflow/dags
[2026-02-15T04:04:17.406+0000] {manager.py:737} INFO - Searching for files in /opt/airflow/dags
[2026-02-15T04:04:17.416+0000] {manager.py:740} INFO - There are 0 files in /opt/airflow/dags
[2026-02-15T04:09:17.609+0000] {manager.py:737} INFO - Searching for files in /opt/airflow/dags
[2026-02-15T04:09:17.621+0000] {manager.py:740} INFO - There are 0 files in /opt/airflow/dags
[2026-02-15T04:14:17.820+0000] {manager.py:737} INFO - Searching for files in /opt/airflow/dags
[2026-02-15T04:14:17.833+0000] {manager.py:740} INFO - There are 0 files in /opt/airflow/dags
[2026-02-15T04:19:18.030+0000] {manager.py:737} INFO - Searching for files in /opt/airflow/dags
[2026-02-15T04:19:18.042+0000] {manager.py:740} INFO - There are 0 files in /opt/airflow/dags
[2026-02-15T04:24:18.210+0000] {manager.py:737} INFO - Searching for files in /opt/airflow/dags
[2026-02-15T04:24:18.249+0000] {manager.py:740} INFO - There are 0 files in /opt/airflow/dags
[2026-02-15T04:29:18.481+0000] {manager.py:737} INFO - Searching for files in /opt/airflow/dags
[2026-02-15T04:29:18.491+0000] {manager.py:740} INFO - There are 0 files in /opt/airflow/dags
[2026-02-15T04:34:18.730+0000] {manager.py:737} INFO - Searching for files in /opt/airflow/dags
[2026-02-15T04:34:18.741+0000] {manager.py:740} INFO - There are 0 files in /opt/airflow/dags
[2026-02-15T04:39:18.951+0000] {manager.py:737} INFO - Searching for files in /opt/airflow/dags
[2026-02-15T04:39:18.965+0000] {manager.py:740} INFO - There are 0 files in /opt/airflow/dags
[2026-02-15T04:44:19.173+0000] {manager.py:737} INFO - Searching for files in /opt/airflow/dags
[2026-02-15T04:44:19.184+0000] {manager.py:740} INFO - There are 0 files in /opt/airflow/dags
[2026-02-15T04:49:19.391+0000] {manager.py:737} INFO - Searching for files in /opt/airflow/dags
[2026-02-15T04:49:19.403+0000] {manager.py:740} INFO - There are 0 files in /opt/airflow/dags
[2026-02-15T04:54:19.610+0000] {manager.py:737} INFO - Searching for files in /opt/airflow/dags
[2026-02-15T04:54:19.621+0000] {manager.py:740} INFO - There are 0 files in /opt/airflow/dags
[2026-02-15T04:59:19.818+0000] {manager.py:737} INFO - Searching for files in /opt/airflow/dags
[2026-02-15T04:59:19.830+0000] {manager.py:740} INFO - There are 0 files in /opt/airflow/dags
[2026-02-15T05:04:20.031+0000] {manager.py:737} INFO - Searching for files in /opt/airflow/dags
[2026-02-15T05:04:20.042+0000] {manager.py:740} INFO - There are 0 files in /opt/airflow/dags
[2026-02-15T05:09:20.237+0000] {manager.py:737} INFO - Searching for files in /opt/airflow/dags
[2026-02-15T05:09:20.247+0000] {manager.py:740} INFO - There are 0 files in /opt/airflow/dags
[2026-02-15T05:14:20.419+0000] {manager.py:737} INFO - Searching for files in /opt/airflow/dags
[2026-02-15T05:14:20.431+0000] {manager.py:740} INFO - There are 0 files in /opt/airflow/dags
[2026-02-15T05:19:20.623+0000] {manager.py:737} INFO - Searching for files in /opt/airflow/dags
[2026-02-15T05:19:20.633+0000] {manager.py:740} INFO - There are 0 files in /opt/airflow/dags
[2026-02-15T05:24:20.838+0000] {manager.py:737} INFO - Searching for files in /opt/airflow/dags
[2026-02-15T05:24:20.850+0000] {manager.py:740} INFO - There are 0 files in /opt/airflow/dags
[2026-02-15T05:29:21.066+0000] {manager.py:737} INFO - Searching for files in /opt/airflow/dags
[2026-02-15T05:29:21.078+0000] {manager.py:740} INFO - There are 0 files in /opt/airflow/dags
[2026-02-15T05:34:21.282+0000] {manager.py:737} INFO - Searching for files in /opt/airflow/dags
[2026-02-15T05:34:21.294+0000] {manager.py:740} INFO - There are 0 files in /opt/airflow/dags
[2026-02-15T05:39:21.499+0000] {manager.py:737} INFO - Searching for files in /opt/airflow/dags
[2026-02-15T05:39:21.511+0000] {manager.py:740} INFO - There are 0 files in /opt/airflow/dags
[2026-02-15T05:44:21.716+0000] {manager.py:737} INFO - Searching for files in /opt/airflow/dags
[2026-02-15T05:44:21.728+0000] {manager.py:740} INFO - There are 0 files in /opt/airflow/dags
[2026-02-15T05:49:21.922+0000] {manager.py:737} INFO - Searching for files in /opt/airflow/dags
[2026-02-15T05:49:21.934+0000] {manager.py:740} INFO - There are 0 files in /opt/airflow/dags
[2026-02-15T05:54:22.127+0000] {manager.py:737} INFO - Searching for files in /opt/airflow/dags
[2026-02-15T05:54:22.141+0000] {manager.py:740} INFO - There are 0 files in /opt/airflow/dags
[2026-02-15T05:59:22.352+0000] {manager.py:737} INFO - Searching for files in /opt/airflow/dags
[2026-02-15T05:59:22.364+0000] {manager.py:740} INFO - There are 0 files in /opt/airflow/dags
[2026-02-15T06:04:22.560+0000] {manager.py:737} INFO - Searching for files in /opt/airflow/dags
[2026-02-15T06:04:22.572+0000] {manager.py:740} INFO - There are 0 files in /opt/airflow/dags
[2026-02-15T06:09:22.771+0000] {manager.py:737} INFO - Searching for files in /opt/airflow/dags
[2026-02-15T06:09:22.783+0000] {manager.py:740} INFO - There are 0 files in /opt/airflow/dags
[2026-02-15T06:14:22.982+0000] {manager.py:737} INFO - Searching for files in /opt/airflow/dags
[2026-02-15T06:14:22.993+0000] {manager.py:740} INFO - There are 0 files in /opt/airflow/dags
[2026-02-15T06:19:23.187+0000] {manager.py:737} INFO - Searching for files in /opt/airflow/dags
[2026-02-15T06:19:23.198+0000] {manager.py:740} INFO - There are 0 files in /opt/airflow/dags
[2026-02-15T06:24:23.404+0000] {manager.py:737} INFO - Searching for files in /opt/airflow/dags
[2026-02-15T06:24:23.417+0000] {manager.py:740} INFO - There are 0 files in /opt/airflow/dags
[2026-02-15T06:29:23.656+0000] {manager.py:737} INFO - Searching for files in /opt/airflow/dags
[2026-02-15T06:29:23.668+0000] {manager.py:740} INFO - There are 0 files in /opt/airflow/dags
[2026-02-15T06:34:23.874+0000] {manager.py:737} INFO - Searching for files in /opt/airflow/dags
[2026-02-15T06:34:23.883+0000] {manager.py:740} INFO - There are 0 files in /opt/airflow/dags
[2026-02-15T06:39:24.069+0000] {manager.py:737} INFO - Searching for files in /opt/airflow/dags
[2026-02-15T06:39:24.083+0000] {manager.py:740} INFO - There are 0 files in /opt/airflow/dags
[2026-02-15T06:44:24.279+0000] {manager.py:737} INFO - Searching for files in /opt/airflow/dags
[2026-02-15T06:44:24.290+0000] {manager.py:740} INFO - There are 0 files in /opt/airflow/dags
[2026-02-15T06:49:24.501+0000] {manager.py:737} INFO - Searching for files in /opt/airflow/dags
[2026-02-15T06:49:24.513+0000] {manager.py:740} INFO - There are 0 files in /opt/airflow/dags
[2026-02-15T06:54:24.718+0000] {manager.py:737} INFO - Searching for files in /opt/airflow/dags
[2026-02-15T06:54:24.731+0000] {manager.py:740} INFO - There are 0 files in /opt/airflow/dags
[2026-02-15T06:59:24.941+0000] {manager.py:737} INFO - Searching for files in /opt/airflow/dags
[2026-02-15T06:59:24.952+0000] {manager.py:740} INFO - There are 0 files in /opt/airflow/dags
[2026-02-15T07:04:25.152+0000] {manager.py:737} INFO - Searching for files in /opt/airflow/dags
[2026-02-15T07:04:25.164+0000] {manager.py:740} INFO - There are 0 files in /opt/airflow/dags
[2026-02-15T07:09:25.375+0000] {manager.py:737} INFO - Searching for files in /opt/airflow/dags
[2026-02-15T07:09:25.387+0000] {manager.py:740} INFO - There are 0 files in /opt/airflow/dags
[2026-02-15T07:14:25.600+0000] {manager.py:737} INFO - Searching for files in /opt/airflow/dags
[2026-02-15T07:14:25.613+0000] {manager.py:740} INFO - There are 0 files in /opt/airflow/dags
[2026-02-15T07:19:25.817+0000] {manager.py:737} INFO - Searching for files in /opt/airflow/dags
[2026-02-15T07:19:25.829+0000] {manager.py:740} INFO - There are 0 files in /opt/airflow/dags
[2026-02-15T07:24:26.048+0000] {manager.py:737} INFO - Searching for files in /opt/airflow/dags
[2026-02-15T07:24:26.061+0000] {manager.py:740} INFO - There are 0 files in /opt/airflow/dags
[2026-02-15T07:29:26.266+0000] {manager.py:737} INFO - Searching for files in /opt/airflow/dags
[2026-02-15T07:29:26.277+0000] {manager.py:740} INFO - There are 0 files in /opt/airflow/dags
[2026-02-15T07:34:26.487+0000] {manager.py:737} INFO - Searching for files in /opt/airflow/dags
[2026-02-15T07:34:26.498+0000] {manager.py:740} INFO - There are 0 files in /opt/airflow/dags
[2026-02-15T07:39:26.698+0000] {manager.py:737} INFO - Searching for files in /opt/airflow/dags
[2026-02-15T07:39:26.711+0000] {manager.py:740} INFO - There are 0 files in /opt/airflow/dags
[2026-02-15T07:44:26.918+0000] {manager.py:737} INFO - Searching for files in /opt/airflow/dags
[2026-02-15T07:44:26.931+0000] {manager.py:740} INFO - There are 0 files in /opt/airflow/dags
[2026-02-15T07:49:27.150+0000] {manager.py:737} INFO - Searching for files in /opt/airflow/dags
[2026-02-15T07:49:27.163+0000] {manager.py:740} INFO - There are 0 files in /opt/airflow/dags
[2026-02-15T07:54:27.381+0000] {manager.py:737} INFO - Searching for files in /opt/airflow/dags
[2026-02-15T07:54:27.399+0000] {manager.py:740} INFO - There are 0 files in /opt/airflow/dags
[2026-02-15T07:59:27.629+0000] {manager.py:737} INFO - Searching for files in /opt/airflow/dags
[2026-02-15T07:59:27.642+0000] {manager.py:740} INFO - There are 0 files in /opt/airflow/dags
[2026-02-15T08:04:27.859+0000] {manager.py:737} INFO - Searching for files in /opt/airflow/dags
[2026-02-15T08:04:27.871+0000] {manager.py:740} INFO - There are 0 files in /opt/airflow/dags
[2026-02-15T08:09:28.096+0000] {manager.py:737} INFO - Searching for files in /opt/airflow/dags
[2026-02-15T08:09:28.104+0000] {manager.py:740} INFO - There are 0 files in /opt/airflow/dags
[2026-02-15T08:14:28.289+0000] {manager.py:737} INFO - Searching for files in /opt/airflow/dags
[2026-02-15T08:14:28.302+0000] {manager.py:740} INFO - There are 0 files in /opt/airflow/dags
[2026-02-15T08:19:28.504+0000] {manager.py:737} INFO - Searching for files in /opt/airflow/dags
[2026-02-15T08:19:28.515+0000] {manager.py:740} INFO - There are 0 files in /opt/airflow/dags
[2026-02-15T08:24:28.732+0000] {manager.py:737} INFO - Searching for files in /opt/airflow/dags
[2026-02-15T08:24:28.743+0000] {manager.py:740} INFO - There are 0 files in /opt/airflow/dags
[2026-02-15T08:27:25.850+0000] {manager.py:452} INFO - Exiting gracefully upon receiving signal 15
